plugin/build/intermediates/manifest_merge_blame_file/debug/processDebugManifest/manifest-merger-blame-debug-report.txt
1<?xml version="1.0" encoding="utf-8"?>
2<manifest xmlns:android="http://schemas.android.com/apk/res/android"
3    package="com.data.hostedpayments" >
4
5    <uses-sdk android:minSdkVersion="23" />
6
7    <uses-permission android:name="android.permission.ACCESS_NETWORK_STATE" />
7-->src/main/AndroidManifest.xml:4:5-79
7-->src/main/AndroidManifest.xml:4:22-76
8    <uses-permission android:name="android.permission.INTERNET" />
8-->src/main/AndroidManifest.xml:5:5-67
8-->src/main/AndroidManifest.xml:5:22-64
9    <uses-permission android:name="android.permission.ACCESS_WIFI_STATE" />
9-->src/main/AndroidManifest.xml:6:5-76
9-->src/main/AndroidManifest.xml:6:22-73
10
11    <application android:networkSecurityConfig="@xml/network_security_config" >
11-->src/main/AndroidManifest.xml:7:5-16:19
11-->src/main/AndroidManifest.xml:8:9-69
12        <activity
12-->src/main/AndroidManifest.xml:10:9-12:40
13            android:name="com.data.hostedpayments.Checkout"
13-->src/main/AndroidManifest.xml:11:13-60
14            android:exported="false" />
14-->src/main/AndroidManifest.xml:12:13-37
15
16        <uses-library
16-->src/main/AndroidManifest.xml:14:9-87
17            android:name="org.apache.http.legacy"
17-->src/main/AndroidManifest.xml:14:23-60
18            android:required="false" />
18-->src/main/AndroidManifest.xml:14:61-85
19    </application>
20
21</manifest>